CUSTOMER.cid  CUSTOMER.firstname  CUSTOMER.gender  CART.cartid  CART.status  
95	osnzezluda	1	41	rmnnfbjp	
149	fmakjppoeu	0	54	gcirufrg	
146	yafzymyqth	1	48	oklroigu	
131	rmimjxxflc	1	164	mzsppggl	
132	voppbkuszx	0	14	tpadskge	
156	kdlbeopzqq	0	25	fkbmuqrc	
7	agzkcysaos	0	123	ifgiwjdh	
6	bkgdancaaq	0	133	kswqjacy	
21	jvxzsvcltk	1	1	oyzmmpeb	
193	wzyiymywkw	0	139	hwrncvap	
21	jvxzsvcltk	1	173	oqyomnps	
7	agzkcysaos	0	8	vmgqbzlp	
35	krayzhssiy	0	113	jzuusqjk	
35	krayzhssiy	0	191	tembiilh	
59	rpefjrgung	0	135	zwexzemc	
35	krayzhssiy	0	144	zfhxgfml	
66	gkeuczevjw	0	80	sisnjort	
114	umkmpplfix	0	29	yiedtden	
171	yifltjcupy	1	189	wkivydkp	
35	krayzhssiy	0	75	ukolnntp	
94	btatzknbjn	0	145	fjwyjlhm	
77	nkypgxijsj	1	115	vzfbxrbt	
102	gomnwvzjpi	0	168	fvktnpcq	
124	wzpsogului	1	178	yhvjlybi	
102	gomnwvzjpi	0	16	jtxnqjbh	
11	txrfqruztv	0	82	tjaiqass	
166	wbheidoytv	0	49	ctglhtsj	
166	wbheidoytv	0	91	zswnecbm	
77	nkypgxijsj	1	35	nobawnie	
102	gomnwvzjpi	0	103	spmrqcdf	
11	txrfqruztv	0	198	qvkvklcw	
101	djqxblvsql	1	3	ptsyrwcp	
111	zkuxzoloxc	0	186	ezdrcpkl	
143	kxkgorcgyv	0	116	xfvrnkyu	
58	glygaioawi	1	129	byeldtzn	
33	dfsrvftiuc	1	180	fiiyxeul	
123	shszrzcgjx	1	56	zsjopish	
186	sdvlapphln	0	165	ujqyvwuu	
186	sdvlapphln	0	134	mxsiplyq	
88	zmjehrsvnp	0	143	bxalqwwi	
123	shszrzcgjx	1	124	ubovurgd	
123	shszrzcgjx	1	6	dgwtyfuj	
104	hiifhxrbgb	1	81	kwfylhfp	
55	dhctewmefu	0	89	uoytcvnu	
24	nyzbrhjlbi	1	109	nyttdekj	
185	mvfmcqqxef	0	112	fprtpcmk	
87	coasuetqfi	0	107	kvhfrelu	
12	mdhyjpyjnt	0	170	vtmsfttw	
89	qupecnzrxm	0	68	bnausbbx	
195	cwoudqqicc	0	176	xzferijq	
