CUSTOMER.cid  CUSTOMER.gender  CUSTOMER.firstname  CUSTOMER.lastname  CUSTOMER.address  CART.cartid  CART.cid  CART.status  CART.remarks  CARTDETAILS.iid  CARTDETAILS.cartid  CARTDETAILS.qty  CARTDETAILS.remarks  
132	0	voppbkuszx	jqyizbjdtr	ifrpdxdrazlkgndioxblseyutc	14	132	tpadskge	owyxtjeagwgixifdlyyzkpvljwdtayhckjyvvt	82	14	0	ilrdsvugmxzrropvmpxofqhtgsnidhdyshpxeznmjkdx	
156	0	kdlbeopzqq	ztgbkozows	oualckdgdvtqfmldbkksbmtaea	25	156	fkbmuqrc	fgisvbyxdtatzxmdeyjopbhgmgriouoepufove	180	25	5	qroemsvrfnwetrafouvqbwicjsgmdrxdlceuodakdejv	
35	0	krayzhssiy	qbzplbvlub	wkiwxflijoxgktqsjdkecniqwb	191	35	tembiilh	mgfcrmwecfgglbhjehezkweclzoknevhsjfmwm	31	191	13	vgnppucougedceomcwvevpmoswayhndwwkbjrohgudns	
35	0	krayzhssiy	qbzplbvlub	wkiwxflijoxgktqsjdkecniqwb	144	35	zfhxgfml	rimfnhcxmwtnmyzaqjafkorhcohjzfrqqmhrva	173	144	5	mrnnlrjkbovoylhrmiggnnqjmczteatbndakooqfgsob	
66	0	gkeuczevjw	bdiklflkvu	qycsbovsyuyxllmiutoxewcxwx	80	66	sisnjort	nnxsjtwscboufxlxdxjxubwedexuhpfmskuoiy	126	80	2	rhaigbwnnygdbxeqbarewqwfdhakqfohyzeuftumzhdm	
114	0	umkmpplfix	hldoehlbiq	taynpnwxnpgnhnrtnhkrveycym	29	114	yiedtden	bcgzwfpkfxrpgjoucthtrbhwumxeesprotevrw	69	29	32	vkmkhusignpalfzlgeqrctnpchkgiesigyizcbcfmieh	
21	1	jvxzsvcltk	cfghnosevw	wwqqbsfoyucfmuqrielrpzcsrl	173	21	oqyomnps	cxxayramegddooaapmbwvvkxackyiyzgaiphij	93	173	44	gadibqqjitpivoprzqhpiqyiwjahhwxpyzywhormeayo	
124	1	wzpsogului	syrwzwwzzx	tyfrxeycncsdfawmcopwgpnqqu	178	124	yhvjlybi	molnfrrkvwmigwkugonimbrafulwzxefnugwqk	29	178	15	dhzqgxfkeulwbwbwmwennhhpbjqyzhdssroqthnjwfrz	
166	0	wbheidoytv	myjrtenrvw	jjfwreokisljbxsqaytwolkseq	91	166	zswnecbm	qodycqpqlkwkkdmwtljrbxglvxfozwhnpwppnc	123	91	32	gmshazknvmclhozpzvjorgnydtfgffqyfhgxlekemcin	
77	1	nkypgxijsj	rlotlhxdzv	myetczmprsshmlmectpkjhplho	35	77	nobawnie	zzyaaylyglrckkifbbxgecsrukpzbvvajanubf	42	35	19	ojckbghwdtpbhkcvhvkvvnrnazzqnznwqexfpumschxt	
143	0	kxkgorcgyv	zvdekhgfzk	fqwtefxifsaplzqzutdinbfhwq	116	143	xfvrnkyu	tjylrboukjeequkkenveucwckpnyqcvgzarwup	134	116	27	frqnkjxwgglumrivcmfxlgehucyhcvvqsdmepkpwwnoh	
143	0	kxkgorcgyv	zvdekhgfzk	fqwtefxifsaplzqzutdinbfhwq	116	143	xfvrnkyu	tjylrboukjeequkkenveucwckpnyqcvgzarwup	13	116	16	tqnuqjjkgodppbdfwmumpdtsshuwoalmdysuzlqwnbpr	
58	1	glygaioawi	viekrisana	cskhdulgphtgkedeqspejacwtf	129	58	byeldtzn	kbdnydkgbydvkmanfxiddxwgxkgdircmhahlht	194	129	10	aqhcejkvnfnzdewsyaxmrsiqjvckbeemvmknpxumqhhb	
33	1	dfsrvftiuc	lmpsoepimp	vgmbonzdcavpiqdcukfcfviyfg	180	33	fiiyxeul	pgevouwrdanghcnieukryxddtrntkgiqhqabnb	77	180	30	sdulnzesvpbjatjqdpbwforwopxpgtdavkxxcgcbrich	
33	1	dfsrvftiuc	lmpsoepimp	vgmbonzdcavpiqdcukfcfviyfg	180	33	fiiyxeul	pgevouwrdanghcnieukryxddtrntkgiqhqabnb	63	180	21	hwkaoisrfhmgdwjadlcjfbvzdkowrjftobiqdejpiigi	
186	0	sdvlapphln	tdkmaizbkd	zmxrupnaosiowyufgmfpqaapqr	134	186	mxsiplyq	coeacsfxtzfltggsfkteblazuaephfcljtqqrv	195	134	34	dvnuoytogrvvjndrchhytrefrzgepojdphspfobcwnln	
186	0	sdvlapphln	tdkmaizbkd	zmxrupnaosiowyufgmfpqaapqr	165	186	ujqyvwuu	qjwuwcotukiposmkrkpatcfajjmcnlqmxcybmd	182	165	11	sxuwnkooaqijtdlqlgdqewwbkmaqkushbqiutdehddlc	
24	1	nyzbrhjlbi	jslbkhjjyi	lantigzaoufnnoumthzbibcuie	109	24	nyttdekj	shotidxywarrywgzeyacebymmlpnpayrernrqz	112	109	25	pqckcpghecjmpxjeecrekcnzjulavloqemfmbngnlisn	
123	1	shszrzcgjx	hopqwhwlzu	nqlwltbuhuullclubwjqbxxzle	124	123	ubovurgd	ugeipzgchcrxkygdxxifjksjvfawabepxtqpmb	147	124	32	ntporsmkfhneemaamcykgodefvmeuoiawdikvnsvknqu	
