CUSTOMER.cid  CUSTOMER.gender  CUSTOMER.firstname  
95	1	osnzezluda	
129	1	wbmjtwunqu	
173	1	vjizrinzji	
53	1	ajzmccgyhw	
160	1	qnhayjejbc	
146	1	yafzymyqth	
131	1	rmimjxxflc	
75	1	chtkkrwmze	
71	1	hxllppjfiw	
128	1	kvrzwxamad	
125	1	ntajeyxaln	
175	1	nzrunzneio	
21	1	jvxzsvcltk	
163	1	tmodamylkk	
84	1	arnzyueblp	
171	1	yifltjcupy	
138	1	klbdxaxhkf	
98	1	hrsnwoyjve	
170	1	zlhjybbzqs	
5	1	twfzbarggx	
117	1	nnpybhgqex	
112	1	qzzrhxnymw	
100	1	hfhftzhnzc	
124	1	wzpsogului	
77	1	nkypgxijsj	
118	1	wjgvjyzkae	
181	1	aacptgynhx	
136	1	rjiraujars	
101	1	djqxblvsql	
115	1	kdfwtutrus	
58	1	glygaioawi	
135	1	iiosiksckr	
79	1	mwmupivjvu	
1	1	mugyjjblil	
32	1	imbqvlcosu	
76	1	zqlguunpxu	
33	1	dfsrvftiuc	
152	1	wvytfslbpv	
144	1	qdzqzvjgrj	
123	1	shszrzcgjx	
57	1	hgxhmxhykt	
104	1	hiifhxrbgb	
24	1	nyzbrhjlbi	
